<?xml version="1.0" encoding="UTF-8"?>
<!-- Generated by org.testng.reporters.JUnitReportReporter -->
<testsuite hostname="HBPTester" failures="0" tests="4" name="Automation.Testingg.annotationqc" time="93.225" errors="0" timestamp="2025-01-24T12:15:18 IST" skipped="0">
  <testcase classname="Automation.Testingg.annotationqc" name="login" time="18.815"/>
  <system-out/>
  <testcase classname="Automation.Testingg.annotationqc" name="table" time="16.791"/>
  <system-out/>
  <testcase classname="Automation.Testingg.annotationqc" name="directDrawPage" time="14.940"/>
  <system-out/>
  <testcase classname="Automation.Testingg.annotationqc" name="gapFinding" time="42.679"/>
  <system-out/>
</testsuite> <!-- Automation.Testingg.annotationqc -->
